<?xml version="1.0" encoding="UTF-8"?>
<!-- Generated by org.testng.reporters.JUnitReportReporter -->
<testsuite skipped="0" hostname="INHYDSRIKANTHP" name="Mobile.LoginTest" tests="1" failures="0" timestamp="18 Mar 2019 10:57:00 GMT" time="40.355" errors="0">
  <testcase name="main" time="40.355" classname="Mobile.LoginTest"/>
</testsuite> <!-- Mobile.LoginTest -->
