<?xml version="1.0" encoding="UTF-8"?>
<!-- Generated by org.testng.reporters.JUnitReportReporter -->
<testsuite skipped="0" hostname="INHYDSRIKANTHP" name="Mobile.GridSample" tests="1" failures="0" timestamp="15 Mar 2019 04:28:45 GMT" time="1.747" errors="0">
  <testcase name="main" time="1.747" classname="Mobile.GridSample"/>
</testsuite> <!-- Mobile.GridSample -->
