<?xml version="1.0" encoding="UTF-8"?>
<!-- Generated by org.testng.reporters.JUnitReportReporter -->
<testsuite skipped="0" hostname="INHYDSRIKANTHP" name="Mobile.Testcase1" tests="1" failures="0" timestamp="15 Mar 2019 06:44:12 GMT" time="7.319" errors="0">
  <testcase name="GetChrome" time="7.319" classname="Mobile.Testcase1"/>
</testsuite> <!-- Mobile.Testcase1 -->
