<?xml version="1.0" encoding="UTF-8"?>
<!-- Generated by org.testng.reporters.JUnitReportReporter -->
<testsuite skipped="0" hostname="INHYDSRIKANTHP" name="Mobile.ApkDragAndDrop" tests="1" failures="0" timestamp="25 Mar 2019 09:20:37 GMT" time="10.207" errors="0">
  <testcase name="apkApp" time="10.207" classname="Mobile.ApkDragAndDrop"/>
</testsuite> <!-- Mobile.ApkDragAndDrop -->
