<?xml version="1.0" encoding="UTF-8"?>
<!-- Generated by org.testng.reporters.JUnitReportReporter -->
<testsuite skipped="0" hostname="INHYDSRIKANTHP" name="Mobile.ApkAlertBox" tests="1" failures="0" timestamp="25 Mar 2019 10:42:00 GMT" time="15.996" errors="0">
  <testcase name="alertBox" time="15.996" classname="Mobile.ApkAlertBox"/>
</testsuite> <!-- Mobile.ApkAlertBox -->
