<?xml version="1.0" encoding="UTF-8"?>
<!-- Generated by org.testng.reporters.JUnitReportReporter -->
<testsuite skipped="0" hostname="INHYDSRIKANTHP" name="Mobile.ApkScroll" tests="1" failures="0" timestamp="25 Mar 2019 10:11:39 GMT" time="13.986" errors="0">
  <testcase name="scroll" time="13.986" classname="Mobile.ApkScroll"/>
</testsuite> <!-- Mobile.ApkScroll -->
