<?xml version="1.0" encoding="UTF-8"?>
<!-- Generated by org.testng.reporters.JUnitReportReporter -->
<testsuite skipped="0" hostname="INHYDSRIKANTHP" name="Mobile.AddNewCustomerTest" tests="1" failures="0" timestamp="28 Mar 2019 04:41:06 GMT" time="60.578" errors="0">
  <testcase name="addCustomer" time="60.578" classname="Mobile.AddNewCustomerTest"/>
</testsuite> <!-- Mobile.AddNewCustomerTest -->
