<?xml version="1.0" encoding="UTF-8"?>
<!-- Generated by org.testng.reporters.JUnitReportReporter -->
<testsuite skipped="0" hostname="INHYDSRIKANTHP" name="Mobile.ApkTab" tests="1" failures="0" timestamp="25 Mar 2019 13:02:58 GMT" time="15.887" errors="0">
  <testcase name="TabTest" time="15.887" classname="Mobile.ApkTab"/>
</testsuite> <!-- Mobile.ApkTab -->
