<?xml version="1.0" encoding="UTF-8"?>
<!-- Generated by org.testng.reporters.JUnitReportReporter -->
<testsuite skipped="0" hostname="INHYDSRIKANTHP" name="Mobile.googlemobile" tests="1" failures="0" timestamp="18 Mar 2019 09:33:59 GMT" time="44.322" errors="0">
  <testcase name="main" time="44.322" classname="Mobile.googlemobile"/>
</testsuite> <!-- Mobile.googlemobile -->
